#
# There is insufficient memory for the Java Runtime Environment to continue.
# Native memory allocation (mmap) failed to map 197132288 bytes for G1 virtual space
# Possible reasons:
#   The system is out of physical RAM or swap space
#   The process is running with CompressedOops enabled, and the Java Heap may be blocking the growth of the native heap
# Possible solutions:
#   Reduce memory load on the system
#   Increase physical memory or swap space
#   Check if swap backing store is full
#   Decrease Java heap size (-Xmx/-Xms)
#   Decrease number of Java threads
#   Decrease Java thread stack sizes (-Xss)
#   Set larger code cache with -XX:ReservedCodeCacheSize=
#   JVM is running with Zero Based Compressed Oops mode in which the Java heap is
#     placed in the first 32GB address space. The Java Heap base address is the
#     maximum limit for the native heap growth. Please use -XX:HeapBaseMinAddress
#     to set the Java Heap base and to place the Java Heap above 32GB virtual address.
# This output file may be truncated or incomplete.
#
#  Out of Memory Error (os_windows.cpp:3600), pid=8788, tid=8064
#
# JRE version:  (21.0.3+7) (build )
# Java VM: Java HotSpot(TM) 64-Bit Server VM (21.0.3+7-LTS-152, mixed mode, sharing, tiered, compressed oops, compressed class ptrs, g1 gc, windows-amd64)
# No core dump will be written. Minidumps are not enabled by default on client versions of Windows
#

---------------  S U M M A R Y ------------

Command Line: -Dfile.encoding=UTF-8 --module-path=D:\UIT\QUANLYCHUNGCU_minion\build\classes Database.Oraclejdbcconection

Host: Intel(R) Core(TM) i3-1005G1 CPU @ 1.20GHz, 4 cores, 11G,  Windows 11 , 64 bit Build 22621 (10.0.22621.3374)
Time: Mon May 13 23:47:26 2024 SE Asia Standard Time elapsed time: 0.014703 seconds (0d 0h 0m 0s)

---------------  T H R E A D  ---------------

Current thread (0x000002580a4d8170):  JavaThread "Unknown thread" [_thread_in_vm, id=8064, stack(0x000000c193300000,0x000000c193400000) (1024K)]

Stack: [0x000000c193300000,0x000000c193400000]
Native frames: (J=compiled Java code, j=interpreted, Vv=VM code, C=native code)
V  [jvm.dll+0x6c63b9]
V  [jvm.dll+0x84fa11]
V  [jvm.dll+0x851f3e]
V  [jvm.dll+0x852613]
V  [jvm.dll+0x27cd46]
V  [jvm.dll+0x6c2b55]
V  [jvm.dll+0x6b76da]
V  [jvm.dll+0x35051a]
V  [jvm.dll+0x358176]
V  [jvm.dll+0x3aa84e]
V  [jvm.dll+0x3aaaf8]
V  [jvm.dll+0x32491c]
V  [jvm.dll+0x32547b]
V  [jvm.dll+0x818f69]
V  [jvm.dll+0x3b7771]
V  [jvm.dll+0x802358]
V  [jvm.dll+0x44c7ce]
V  [jvm.dll+0x44e2a1]
C  [jli.dll+0x52a3]
C  [ucrtbase.dll+0x29333]
C  [KERNEL32.DLL+0x1257d]
C  [ntdll.dll+0x5aa48]


---------------  P R O C E S S  ---------------

Threads class SMR info:
_java_thread_list=0x00007ffef2261b88, length=0, elements={
}

Java Threads: ( => current thread )
Total: 0

Other Threads:
  0x000002580a5aea00 WorkerThread "GC Thread#0"                     [id=14996, stack(0x000000c193400000,0x000000c193500000) (1024K)]
  0x000002580c6e5950 ConcurrentGCThread "G1 Main Marker"            [id=7080, stack(0x000000c193500000,0x000000c193600000) (1024K)]
  0x000002580c6e6a00 WorkerThread "G1 Conc#0"                       [id=10072, stack(0x000000c193600000,0x000000c193700000) (1024K)]

[error occurred during error reporting (printing all threads), id 0xc0000005, EXCEPTION_ACCESS_VIOLATION (0xc0000005) at pc=0x00007ffef19d7077]
VM state: not at safepoint (not fully initialized)

VM Mutex/Monitor currently owned by a thread:  ([mutex/lock_event])
[0x00007ffef22d2ea8] Heap_lock - owner thread: 0x000002580a4d8170

Heap address: 0x0000000744e00000, size: 2994 MB, Compressed Oops mode: Zero based, Oop shift amount: 3

CDS archive(s) mapped at: [0x0000000000000000-0x0000000000000000-0x0000000000000000), size 0, SharedBaseAddress: 0x0000000800000000, ArchiveRelocationMode: 1.
Narrow klass base: 0x0000000000000000, Narrow klass shift: 0, Narrow klass range: 0x0

GC Precious Log:
 CardTable entry size: 512
 Card Set container configuration: InlinePtr #cards 4 size 8 Array Of Cards #cards 16 size 48 Howl #buckets 8 coarsen threshold 3686 Howl Bitmap #cards 512 size 80 coarsen threshold 460 Card regions per heap region 1 cards per card region 4096

Heap:
 garbage-first heap   total 0K, used 0K [0x0000000744e00000, 0x0000000800000000)
  region size 2048K, 0 young (0K), 0 survivors (0K)

[error occurred during error reporting (printing heap information), id 0xc0000005, EXCEPTION_ACCESS_VIOLATION (0xc0000005) at pc=0x00007ffef1dbe669]
GC Heap History (0 events):
No events

Dll operation events (1 events):
Event: 0.009 Loaded shared library C:\Program Files\Java\jdk-21\bin\java.dll

Deoptimization events (0 events):
No events

Classes loaded (0 events):
No events

Classes unloaded (0 events):
No events

Classes redefined (0 events):
No events

Internal exceptions (0 events):
No events

ZGC Phase Switch (0 events):
No events

VM Operations (0 events):
No events

Events (0 events):
No events


Dynamic libraries:
0x00007ff719fe0000 - 0x00007ff719ff0000 	C:\Program Files\Java\jdk-21\bin\java.exe
0x00007fff5f910000 - 0x00007fff5fb26000 	C:\WINDOWS\SYSTEM32\ntdll.dll
0x00007fff5db10000 - 0x00007fff5dbd4000 	C:\WINDOWS\System32\KERNEL32.DLL
0x00007fff5ceb0000 - 0x00007fff5d257000 	C:\WINDOWS\System32\KERNELBASE.dll
0x00007fff5cc30000 - 0x00007fff5cd41000 	C:\WINDOWS\System32\ucrtbase.dll
0x00007fff547c0000 - 0x00007fff547d9000 	C:\Program Files\Java\jdk-21\bin\jli.dll
0x00007fff53c50000 - 0x00007fff53c6b000 	C:\Program Files\Java\jdk-21\bin\VCRUNTIME140.dll
0x00007fff5e310000 - 0x00007fff5e3c2000 	C:\WINDOWS\System32\ADVAPI32.dll
0x00007fff5e260000 - 0x00007fff5e307000 	C:\WINDOWS\System32\msvcrt.dll
0x00007fff5d9d0000 - 0x00007fff5da78000 	C:\WINDOWS\System32\sechost.dll
0x00007fff5d450000 - 0x00007fff5d478000 	C:\WINDOWS\System32\bcrypt.dll
0x00007fff5e900000 - 0x00007fff5ea15000 	C:\WINDOWS\System32\RPCRT4.dll
0x00007fff5e000000 - 0x00007fff5e1ae000 	C:\WINDOWS\System32\USER32.dll
0x00007fff5d480000 - 0x00007fff5d4a6000 	C:\WINDOWS\System32\win32u.dll
0x00007fff5d7f0000 - 0x00007fff5d819000 	C:\WINDOWS\System32\GDI32.dll
0x00007fff5d520000 - 0x00007fff5d639000 	C:\WINDOWS\System32\gdi32full.dll
0x00007fff5cd50000 - 0x00007fff5cdea000 	C:\WINDOWS\System32\msvcp_win.dll
0x00007fff452c0000 - 0x00007fff45553000 	C:\WINDOWS\WinSxS\amd64_microsoft.windows.common-controls_6595b64144ccf1df_6.0.22621.3235_none_270f74e173860f98\COMCTL32.dll
0x00007fff4ddc0000 - 0x00007fff4ddca000 	C:\WINDOWS\SYSTEM32\VERSION.dll
0x00007fff5d670000 - 0x00007fff5d6a1000 	C:\WINDOWS\System32\IMM32.DLL
0x00007fff56740000 - 0x00007fff5674c000 	C:\Program Files\Java\jdk-21\bin\vcruntime140_1.dll
0x00007fff40420000 - 0x00007fff404ae000 	C:\Program Files\Java\jdk-21\bin\msvcp140.dll
0x00007ffef16a0000 - 0x00007ffef23ad000 	C:\Program Files\Java\jdk-21\bin\server\jvm.dll
0x00007fff5dd40000 - 0x00007fff5ddb1000 	C:\WINDOWS\System32\WS2_32.dll
0x00007fff5cb00000 - 0x00007fff5cb4d000 	C:\WINDOWS\SYSTEM32\POWRPROF.dll
0x00007fff53a90000 - 0x00007fff53ac4000 	C:\WINDOWS\SYSTEM32\WINMM.dll
0x00007fff5cae0000 - 0x00007fff5caf3000 	C:\WINDOWS\SYSTEM32\UMPDC.dll
0x00007fff5bc70000 - 0x00007fff5bc88000 	C:\WINDOWS\SYSTEM32\kernel.appcore.dll
0x00007fff54430000 - 0x00007fff5443a000 	C:\Program Files\Java\jdk-21\bin\jimage.dll
0x00007fff5a610000 - 0x00007fff5a843000 	C:\WINDOWS\SYSTEM32\DBGHELP.DLL
0x00007fff5ea20000 - 0x00007fff5eda8000 	C:\WINDOWS\System32\combase.dll
0x00007fff5d6b0000 - 0x00007fff5d787000 	C:\WINDOWS\System32\OLEAUT32.dll
0x00007fff2ae30000 - 0x00007fff2ae62000 	C:\WINDOWS\SYSTEM32\dbgcore.DLL
0x00007fff5d260000 - 0x00007fff5d2d9000 	C:\WINDOWS\System32\bcryptPrimitives.dll
0x00007fff53bf0000 - 0x00007fff53c0f000 	C:\Program Files\Java\jdk-21\bin\java.dll

dbghelp: loaded successfully - version: 4.0.5 - missing functions: none
symbol engine: initialized successfully - sym options: 0x614 - pdb path: .;C:\Program Files\Java\jdk-21\bin;C:\WINDOWS\SYSTEM32;C:\WINDOWS\WinSxS\amd64_microsoft.windows.common-controls_6595b64144ccf1df_6.0.22621.3235_none_270f74e173860f98;C:\Program Files\Java\jdk-21\bin\server

VM Arguments:
jvm_args: -Dfile.encoding=UTF-8 --module-path=D:\UIT\QUANLYCHUNGCU_minion\build\classes 
java_command: Database.Oraclejdbcconection
java_class_path (initial): D:\chuy?n\chuyen\Downloads\ojdbc11.jar;D:\UIT\QUANLYCHUNGCU_minion\build\classes
Launcher Type: SUN_STANDARD

[Global flags]
     intx CICompilerCount                          = 3                                         {product} {ergonomic}
     uint ConcGCThreads                            = 1                                         {product} {ergonomic}
     uint G1ConcRefinementThreads                  = 4                                         {product} {ergonomic}
   size_t G1HeapRegionSize                         = 2097152                                   {product} {ergonomic}
    uintx GCDrainStackTargetSize                   = 64                                        {product} {ergonomic}
   size_t InitialHeapSize                          = 197132288                                 {product} {ergonomic}
   size_t MarkStackSize                            = 4194304                                   {product} {ergonomic}
   size_t MaxHeapSize                              = 3139436544                                {product} {ergonomic}
   size_t MinHeapDeltaBytes                        = 2097152                                   {product} {ergonomic}
   size_t MinHeapSize                              = 8388608                                   {product} {ergonomic}
    uintx NonNMethodCodeHeapSize                   = 5832780                                {pd product} {ergonomic}
    uintx NonProfiledCodeHeapSize                  = 122912730                              {pd product} {ergonomic}
    uintx ProfiledCodeHeapSize                     = 122912730                              {pd product} {ergonomic}
    uintx ReservedCodeCacheSize                    = 251658240                              {pd product} {ergonomic}
     bool SegmentedCodeCache                       = true                                      {product} {ergonomic}
   size_t SoftMaxHeapSize                          = 3139436544                             {manageable} {ergonomic}
     bool UseCompressedOops                        = true                           {product lp64_product} {ergonomic}
     bool UseG1GC                                  = true                                      {product} {ergonomic}
     bool UseLargePagesIndividualAllocation        = false                                  {pd product} {ergonomic}

Logging:
Log output configuration:
 #0: stdout all=warning uptime,level,tags foldmultilines=false
 #1: stderr all=off uptime,level,tags foldmultilines=false

Environment Variables:
PATH=C:\Program Files\Common Files\Oracle\Java\javapath;D:\ORACLE1\bin;D:\ORACLE1\WINDOWS.X64_213000_db_home\bin;D:\ORACLE\WINDOWS.X64_213000_db_home\bin;C:\Program Files\Microsoft MPI\Bin\;C:\WINDOWS\system32;C:\WINDOWS;C:\WINDOWS\System32\Wbem;C:\WINDOWS\System32\WindowsPowerShell\v1.0\;C:\WINDOWS\System32\OpenSSH\;D:\sql\160\Tools\Binn\;C:\Program Files\Microsoft SQL Server\160\Tools\Binn\;C:\Program Files\Microsoft SQL Server\Client SDK\ODBC\170\Tools\Binn\;C:\Program Files\Microsoft SQL Server\160\DTS\Binn\;D:\sql\160\DTS\Binn\;C:\Program Files\Azure Data Studio\bin;C:\Program Files\Java\jdk-21\bin;C:\Users\HP\AppData\Local\Microsoft\WindowsApps;;C:\Program Files\Azure Data Studio\bin;D:\VS.STDCODE\Microsoft VS Code\bin
USERNAME=HP
OS=Windows_NT
PROCESSOR_IDENTIFIER=Intel64 Family 6 Model 126 Stepping 5, GenuineIntel
TMP=C:\Users\HP\AppData\Local\Temp
TEMP=C:\Users\HP\AppData\Local\Temp




Periodic native trim disabled

---------------  S Y S T E M  ---------------

OS:
 Windows 11 , 64 bit Build 22621 (10.0.22621.3374)
OS uptime: 0 days 3:44 hours

CPU: total 4 (initial active 4) (2 cores per cpu, 2 threads per core) family 6 model 126 stepping 5 microcode 0xbc, cx8, cmov, fxsr, ht, mmx, 3dnowpref, sse, sse2, sse3, ssse3, sse4.1, sse4.2, popcnt, lzcnt, tsc, tscinvbit, avx, avx2, aes, erms, clmul, bmi1, bmi2, adx, avx512f, avx512dq, avx512cd, avx512bw, avx512vl, sha, fma, vzeroupper, avx512_vpopcntdq, avx512_vpclmulqdq, avx512_vaes, avx512_vnni, clflush, clflushopt, avx512_vbmi2, avx512_vbmi, rdtscp, rdpid, fsrm, gfni, avx512_bitalg, f16c, pku, avx512_ifma
Processor Information for all 4 processors :
  Max Mhz: 1201, Current Mhz: 1200, Mhz Limit: 1188

Memory: 4k page, system-wide physical 11975M (3463M free)
TotalPageFile size 16071M (AvailPageFile size 188M)
current process WorkingSet (physical memory assigned to process): 11M, peak: 11M
current process commit charge ("private bytes"): 52M, peak: 239M

vm_info: Java HotSpot(TM) 64-Bit Server VM (21.0.3+7-LTS-152) for windows-amd64 JRE (21.0.3+7-LTS-152), built on 2024-03-11T17:42:26Z by "mach5one" with MS VC++ 17.6 (VS2022)

END.
